<!DOCTYPE html PUBLIC "-//W3C//DTD XHTML 1.1//EN" "https://www.w3.org/TR/xhtml11/DTD/xhtml11.dtd">
<html xmlns="https://www.w3.org/1999/xhtml">
<head>
<meta http-equiv="content-type" content="text/html; charset=UTF-8"/>
<title>TestNG Report</title>
<style type="text/css">table {margin-bottom:10px;border-collapse:collapse;empty-cells:show}th,td {border:1px solid #009;padding:.25em .5em}th {vertical-align:bottom}td {vertical-align:top}table a {font-weight:bold}.stripe td {background-color: #E6EBF9}.num {text-align:right}.passedodd td {background-color: #3F3}.passedeven td {background-color: #0A0}.skippedodd td {background-color: #DDD}.skippedeven td {background-color: #CCC}.failedodd td,.attn {background-color: #F33}.failedeven td,.stripe .attn {background-color: #D00}.stacktrace {white-space:pre;font-family:monospace}.totop {font-size:85%;text-align:center;border-bottom:2px solid #000}.invisible {display:none}</style>
</head>
<body>
<table>
<tr><th>Test</th><th># Passed</th><th># Skipped</th><th># Retried</th><th># Failed</th><th>Time (ms)</th><th>Included Groups</th><th>Excluded Groups</th></tr>
<tr><th colspan="8">Suite</th></tr>
<tr><td><a href="#t0">Product Search Tests</a></td><td class="num">6</td><td class="num">0</td><td class="num attn">3</td><td class="num">0</td><td class="num">418,782</td><td></td><td></td></tr>
</table>
<table id='summary'><thead><tr><th>Class</th><th>Method</th><th>Start</th><th>Time (ms)</th></tr></thead><tbody><tr><th colspan="4">Suite</th></tr></tbody><tbody id="t0"><tr><th colspan="4">Product Search Tests &#8212; retried</th></tr><tr class="retriedeven"><td rowspan="3">com.starquick.test.starquickaddcartjourney</td><td><a href="#m0">Milksearchproduct</a></td><td rowspan="1">1726128649066</td><td rowspan="1">209352</td></tr><tr class="retriedeven"><td><a href="#m1">Rusksearchproduct</a></td><td rowspan="2">1726128638755</td><td rowspan="2">145886</td></tr><tr class="retriedeven"><td><a href="#m2">Rusksearchproduct</a></td></tr><tr><th colspan="4">Product Search Tests &#8212; passed</th></tr><tr class="passedeven"><td rowspan="6">com.starquick.test.starquickaddcartjourney</td><td><a href="#m3">Milksearchproduct</a></td><td rowspan="3">1726128899607</td><td rowspan="3">76657</td></tr><tr class="passedeven"><td><a href="#m4">Milksearchproduct</a></td></tr><tr class="passedeven"><td><a href="#m5">Milksearchproduct</a></td></tr><tr class="passedeven"><td><a href="#m6">Rusksearchproduct</a></td><td rowspan="3">1726128866646</td><td rowspan="3">98641</td></tr><tr class="passedeven"><td><a href="#m7">Rusksearchproduct</a></td></tr><tr class="passedeven"><td><a href="#m8">Rusksearchproduct</a></td></tr></tbody>
</table>
<h2>Product Search Tests</h2><h3 id="m0">com.starquick.test.starquickaddcartjourney#Milksearchproduct</h3><table class="result"><tr class="param"><th>Parameter #1</th></tr><tr class="param stripe"><td>{product=Milk, testname=Milksearchproduct, SecondProduct=Amul Masti Dahi Pouch, execute=Yes, browser=Edge}</td></tr><tr><th>Exception</th></tr><tr><td><div class="stacktrace">org.openqa.selenium.TimeoutException: Expected condition failed: waiting for visibility of element located by By.xpath: //button[@aria-label=&quot;Continue Browsing&quot;] (tried for 30 second(s) with 500 milliseconds interval)
Build info: version: &apos;4.24.0&apos;, revision: &apos;748ffc9bc3&apos;
System info: os.name: &apos;Windows 10&apos;, os.arch: &apos;amd64&apos;, os.version: &apos;10.0&apos;, java.version: &apos;17.0.10&apos;
Driver info: org.openqa.selenium.remote.RemoteWebDriver
Capabilities {acceptInsecureCerts: false, browserName: MicrosoftEdge, browserVersion: 130.0.2808.0, fedcm:accounts: true, ms:edgeOptions: {debuggerAddress: localhost:37197}, msedge: {msedgedriverVersion: 130.0.2808.1 (814e2e363311e..., userDataDir: /tmp/.com.microsoft.Edge.ez...}, networkConnectionEnabled: false, pageLoadStrategy: normal, platformName: linux, proxy: Proxy(), se:bidiEnabled: false, se:cdp: ws://172.18.0.2:4444/sessio..., se:cdpVersion: 130.0.2808.0, se:containerName: , se:noVncPort: 7900, se:vnc: ws://172.18.0.2:4444/sessio..., se:vncEnabled: true, se:vncLocalAddress: ws://172.18.0.2:7900, setWindowRect: true, strictFileInteractability: false, timeouts: {implicit: 0, pageLoad: 300000, script: 30000}, unhandledPromptBehavior: dismiss and notify, webauthn:extension:credBlob: true, webauthn:extension:largeBlob: true, webauthn:extension:minPinLength: true, webauthn:extension:prf: true, webauthn:virtualAuthenticators: true}
Session ID: a4cf8231a65e1ad399df1a384669ebaa
	at org.openqa.selenium.support.ui.WebDriverWait.timeoutException(WebDriverWait.java:84)
	at org.openqa.selenium.support.ui.FluentWait.until(FluentWait.java:228)
	at com.starquick.factories.ExplicitWaitFactory.performexplicitwait(ExplicitWaitFactory.java:45)
	at com.starquick.pages.BasePage.getText(BasePage.java:94)
	at com.starquick.pages.TATAOpenLandingPage1.product_search_Amul_Masti_Dahi_Pouch(TATAOpenLandingPage1.java:63)
	at com.starquick.test.starquickaddcartjourney.Milksearchproduct(starquickaddcartjourney.java:45)
	at java.base/java.util.concurrent.ThreadPoolExecutor.runWorker(ThreadPoolExecutor.java:1136)
	at java.base/java.util.concurrent.ThreadPoolExecutor$Worker.run(ThreadPoolExecutor.java:635)
	at java.base/java.lang.Thread.run(Thread.java:840)
... Removed 9 stack frames</div></td></tr></table><p class="totop"><a href="#summary">back to summary</a></p>
<h3 id="m1">com.starquick.test.starquickaddcartjourney#Rusksearchproduct</h3><table class="result"><tr class="param"><th>Parameter #1</th></tr><tr class="param stripe"><td>{product=Rusk, testname=Rusksearchproduct, SecondProduct=Britania Rusk, execute=Yes, browser=Chrome}</td></tr><tr><th>Exception</th></tr><tr><td><div class="stacktrace">org.openqa.selenium.TimeoutException: Expected condition failed: waiting for visibility of element located by By.xpath: //span[@id=&apos;addCartProducts&apos;] (tried for 30 second(s) with 500 milliseconds interval)
Build info: version: &apos;4.24.0&apos;, revision: &apos;748ffc9bc3&apos;
System info: os.name: &apos;Windows 10&apos;, os.arch: &apos;amd64&apos;, os.version: &apos;10.0&apos;, java.version: &apos;17.0.10&apos;
Driver info: org.openqa.selenium.remote.RemoteWebDriver
Capabilities {acceptInsecureCerts: false, browserName: chrome, browserVersion: 130.0.6699.3, chrome: {chromedriverVersion: 130.0.6710.0 (b42a8150c41c7..., userDataDir: /tmp/.org.chromium.Chromium...}, fedcm:accounts: true, goog:chromeOptions: {debuggerAddress: localhost:39841}, networkConnectionEnabled: false, pageLoadStrategy: normal, platformName: linux, proxy: Proxy(), se:bidiEnabled: false, se:cdp: ws://172.18.0.3:4444/sessio..., se:cdpVersion: 130.0.6699.3, se:containerName: , se:noVncPort: 7900, se:vnc: ws://172.18.0.3:4444/sessio..., se:vncEnabled: true, se:vncLocalAddress: ws://172.18.0.3:7900, setWindowRect: true, strictFileInteractability: false, timeouts: {implicit: 0, pageLoad: 300000, script: 30000}, unhandledPromptBehavior: dismiss and notify, webauthn:extension:credBlob: true, webauthn:extension:largeBlob: true, webauthn:extension:minPinLength: true, webauthn:extension:prf: true, webauthn:virtualAuthenticators: true}
Session ID: 2e46c7105b821ae3de08b32b30ae2300
	at org.openqa.selenium.support.ui.WebDriverWait.timeoutException(WebDriverWait.java:84)
	at org.openqa.selenium.support.ui.FluentWait.until(FluentWait.java:228)
	at com.starquick.factories.ExplicitWaitFactory.performexplicitwait(ExplicitWaitFactory.java:45)
	at com.starquick.pages.TATAOpenLandingPage1.Rusk(TATAOpenLandingPage1.java:80)
	at com.starquick.test.starquickaddcartjourney.Rusksearchproduct(starquickaddcartjourney.java:68)
	at java.base/java.util.concurrent.ThreadPoolExecutor.runWorker(ThreadPoolExecutor.java:1136)
	at java.base/java.util.concurrent.ThreadPoolExecutor$Worker.run(ThreadPoolExecutor.java:635)
	at java.base/java.lang.Thread.run(Thread.java:840)
... Removed 9 stack frames</div></td></tr></table><p class="totop"><a href="#summary">back to summary</a></p>
<h3 id="m2">com.starquick.test.starquickaddcartjourney#Rusksearchproduct</h3><table class="result"><tr class="param"><th>Parameter #1</th></tr><tr class="param stripe"><td>{product=Rusk, testname=Rusksearchproduct, SecondProduct=Britania Rusk, execute=Yes, browser=FireFox}</td></tr><tr><th>Exception</th></tr><tr><td><div class="stacktrace">org.openqa.selenium.TimeoutException: Expected condition failed: waiting for element to be clickable: By.xpath: //img[@class=&apos;location-close-button&apos;] (tried for 30 second(s) with 500 milliseconds interval)
Build info: version: &apos;4.24.0&apos;, revision: &apos;748ffc9bc3&apos;
System info: os.name: &apos;Windows 10&apos;, os.arch: &apos;amd64&apos;, os.version: &apos;10.0&apos;, java.version: &apos;17.0.10&apos;
Driver info: org.openqa.selenium.remote.RemoteWebDriver
Capabilities {acceptInsecureCerts: true, browserName: firefox, browserVersion: 132.0a1, moz:accessibilityChecks: false, moz:buildID: 20240910090327, moz:debuggerAddress: 127.0.0.1:3655, moz:firefoxOptions: {prefs: {remote.active-protocols: 3}}, moz:geckodriverVersion: 0.35.0, moz:headless: false, moz:platformVersion: 5.15.153.1-microsoft-standa..., moz:processID: 5828, moz:profile: /tmp/rust_mozprofileVNBF53, moz:shutdownTimeout: 60000, moz:webdriverClick: true, moz:windowless: false, pageLoadStrategy: normal, platformName: linux, proxy: Proxy(), se:bidiEnabled: false, se:cdp: ws://172.18.0.4:4444/sessio..., se:cdpVersion: 85.0, se:containerName: , se:noVncPort: 7900, se:vnc: ws://172.18.0.4:4444/sessio..., se:vncEnabled: true, se:vncLocalAddress: ws://172.18.0.4:7900, setWindowRect: true, strictFileInteractability: false, timeouts: {implicit: 0, pageLoad: 300000, script: 30000}, unhandledPromptBehavior: dismiss and notify, userAgent: Mozilla/5.0 (X11; Linux x86...}
Session ID: bee1f09b-e20a-469a-a6ee-cd4a4d32d87e
	at org.openqa.selenium.support.ui.WebDriverWait.timeoutException(WebDriverWait.java:84)
	at org.openqa.selenium.support.ui.FluentWait.until(FluentWait.java:228)
	at com.starquick.factories.ExplicitWaitFactory.performexplicitwait(ExplicitWaitFactory.java:35)
	at com.starquick.pages.BasePage.click(BasePage.java:40)
	at com.starquick.pages.TATAOpenLandingPage1.after_Add_to_Cart_closebutton(TATAOpenLandingPage1.java:73)
	at com.starquick.test.starquickaddcartjourney.Rusksearchproduct(starquickaddcartjourney.java:68)
	at java.base/java.util.concurrent.ThreadPoolExecutor.runWorker(ThreadPoolExecutor.java:1136)
	at java.base/java.util.concurrent.ThreadPoolExecutor$Worker.run(ThreadPoolExecutor.java:635)
	at java.base/java.lang.Thread.run(Thread.java:840)
... Removed 9 stack frames</div></td></tr></table><p class="totop"><a href="#summary">back to summary</a></p>
<h3 id="m3">com.starquick.test.starquickaddcartjourney#Milksearchproduct</h3><table class="result"><tr class="param"><th>Parameter #1</th></tr><tr class="param stripe"><td>{product=Milk, testname=Milksearchproduct, SecondProduct=Amul Masti Dahi Pouch, execute=Yes, browser=Edge}</td></tr></table><p class="totop"><a href="#summary">back to summary</a></p>
<h3 id="m4">com.starquick.test.starquickaddcartjourney#Milksearchproduct</h3><table class="result"><tr class="param"><th>Parameter #1</th></tr><tr class="param stripe"><td>{product=Milk, testname=Milksearchproduct, SecondProduct=Amul Masti Dahi Pouch, execute=Yes, browser=Chrome}</td></tr></table><p class="totop"><a href="#summary">back to summary</a></p>
<h3 id="m5">com.starquick.test.starquickaddcartjourney#Milksearchproduct</h3><table class="result"><tr class="param"><th>Parameter #1</th></tr><tr class="param stripe"><td>{product=Milk, testname=Milksearchproduct, SecondProduct=Amul Masti Dahi Pouch, execute=Yes, browser=FireFox}</td></tr></table><p class="totop"><a href="#summary">back to summary</a></p>
<h3 id="m6">com.starquick.test.starquickaddcartjourney#Rusksearchproduct</h3><table class="result"><tr class="param"><th>Parameter #1</th></tr><tr class="param stripe"><td>{product=Rusk, testname=Rusksearchproduct, SecondProduct=Britania Rusk, execute=Yes, browser=Chrome}</td></tr></table><p class="totop"><a href="#summary">back to summary</a></p>
<h3 id="m7">com.starquick.test.starquickaddcartjourney#Rusksearchproduct</h3><table class="result"><tr class="param"><th>Parameter #1</th></tr><tr class="param stripe"><td>{product=Rusk, testname=Rusksearchproduct, SecondProduct=Britania Rusk, execute=Yes, browser=Edge}</td></tr></table><p class="totop"><a href="#summary">back to summary</a></p>
<h3 id="m8">com.starquick.test.starquickaddcartjourney#Rusksearchproduct</h3><table class="result"><tr class="param"><th>Parameter #1</th></tr><tr class="param stripe"><td>{product=Rusk, testname=Rusksearchproduct, SecondProduct=Britania Rusk, execute=Yes, browser=FireFox}</td></tr></table><p class="totop"><a href="#summary">back to summary</a></p>
</body>
</html>
