<?xml version="1.0" encoding="UTF-8"?>
<testng-results retried="3" ignored="3" total="12" passed="6" failed="0" skipped="0">
  <reporter-output>
  </reporter-output>
  <suite started-at="2024-09-12T13:39:20 IST" name="Suite" finished-at="2024-09-12T13:46:19 IST" duration-ms="418782">
    <groups>
    </groups>
    <test started-at="2024-09-12T13:39:20 IST" name="Product Search Tests" finished-at="2024-09-12T13:46:19 IST" duration-ms="418782">
      <class name="com.starquick.test.starquickaddcartjourney">
        <test-method is-config="true" signature="setUp([Ljava.lang.Object;)[pri:0, instance:com.starquick.test.starquickaddcartjourney@5d0bf09b]" started-at="2024-09-12T13:39:24 IST" name="setUp" finished-at="2024-09-12T13:40:38 IST" duration-ms="74536" status="PASS">
          <params>
            <param index="0">
              <value>
                <![CDATA[[Ljava.lang.Object;@5707c1cb]]>
              </value>
            </param>
          </params>
          <reporter-output>
          </reporter-output>
        </test-method> <!-- setUp -->
        <test-method is-config="true" signature="setUp([Ljava.lang.Object;)[pri:0, instance:com.starquick.test.starquickaddcartjourney@5d0bf09b]" started-at="2024-09-12T13:39:24 IST" name="setUp" finished-at="2024-09-12T13:40:55 IST" duration-ms="91362" status="PASS">
          <params>
            <param index="0">
              <value>
                <![CDATA[[Ljava.lang.Object;@2b5cb9b2]]>
              </value>
            </param>
          </params>
          <reporter-output>
          </reporter-output>
        </test-method> <!-- setUp -->
        <test-method is-config="true" signature="setUp([Ljava.lang.Object;)[pri:0, instance:com.starquick.test.starquickaddcartjourney@5d0bf09b]" started-at="2024-09-12T13:39:24 IST" name="setUp" finished-at="2024-09-12T13:40:58 IST" duration-ms="94164" status="PASS">
          <params>
            <param index="0">
              <value>
                <![CDATA[[Ljava.lang.Object;@35038141]]>
              </value>
            </param>
          </params>
          <reporter-output>
          </reporter-output>
        </test-method> <!-- setUp -->
        <test-method is-config="true" signature="setUp([Ljava.lang.Object;)[pri:0, instance:com.starquick.test.starquickaddcartjourney@5d0bf09b]" started-at="2024-09-12T13:39:24 IST" name="setUp" finished-at="2024-09-12T13:40:48 IST" duration-ms="84609" status="PASS">
          <params>
            <param index="0">
              <value>
                <![CDATA[[Ljava.lang.Object;@ecf9049]]>
              </value>
            </param>
          </params>
          <reporter-output>
          </reporter-output>
        </test-method> <!-- setUp -->
        <test-method is-config="true" signature="setUp([Ljava.lang.Object;)[pri:0, instance:com.starquick.test.starquickaddcartjourney@5d0bf09b]" started-at="2024-09-12T13:39:24 IST" name="setUp" finished-at="2024-09-12T13:41:43 IST" duration-ms="139112" status="PASS">
          <params>
            <param index="0">
              <value>
                <![CDATA[[Ljava.lang.Object;@672f11c2]]>
              </value>
            </param>
          </params>
          <reporter-output>
          </reporter-output>
        </test-method> <!-- setUp -->
        <test-method is-config="true" signature="setUp([Ljava.lang.Object;)[pri:0, instance:com.starquick.test.starquickaddcartjourney@5d0bf09b]" started-at="2024-09-12T13:39:24 IST" name="setUp" finished-at="2024-09-12T13:40:49 IST" duration-ms="84794" status="PASS">
          <params>
            <param index="0">
              <value>
                <![CDATA[[Ljava.lang.Object;@2970a5bc]]>
              </value>
            </param>
          </params>
          <reporter-output>
          </reporter-output>
        </test-method> <!-- setUp -->
        <test-method retried="true" signature="Rusksearchproduct(java.util.HashMap)[pri:0, instance:com.starquick.test.starquickaddcartjourney@5d0bf09b]" started-at="2024-09-12T13:40:38 IST" name="Rusksearchproduct" data-provider="getData" finished-at="2024-09-12T13:43:04 IST" duration-ms="145886" status="SKIP">
          <params>
            <param index="0">
              <value>
                <![CDATA[{product=Rusk, testname=Rusksearchproduct, SecondProduct=Britania Rusk, execute=Yes, browser=Chrome}]]>
              </value>
            </param>
          </params>
          <exception class="org.openqa.selenium.TimeoutException">
            <message>
              <![CDATA[Expected condition failed: waiting for visibility of element located by By.xpath: //span[@id='addCartProducts'] (tried for 30 second(s) with 500 milliseconds interval)
Build info: version: '4.24.0', revision: '748ffc9bc3'
System info: os.name: 'Windows 10', os.arch: 'amd64', os.version: '10.0', java.version: '17.0.10'
Driver info: org.openqa.selenium.remote.RemoteWebDriver
Capabilities {acceptInsecureCerts: false, browserName: chrome, browserVersion: 130.0.6699.3, chrome: {chromedriverVersion: 130.0.6710.0 (b42a8150c41c7..., userDataDir: /tmp/.org.chromium.Chromium...}, fedcm:accounts: true, goog:chromeOptions: {debuggerAddress: localhost:39841}, networkConnectionEnabled: false, pageLoadStrategy: normal, platformName: linux, proxy: Proxy(), se:bidiEnabled: false, se:cdp: ws://172.18.0.3:4444/sessio..., se:cdpVersion: 130.0.6699.3, se:containerName: , se:noVncPort: 7900, se:vnc: ws://172.18.0.3:4444/sessio..., se:vncEnabled: true, se:vncLocalAddress: ws://172.18.0.3:7900, setWindowRect: true, strictFileInteractability: false, timeouts: {implicit: 0, pageLoad: 300000, script: 30000}, unhandledPromptBehavior: dismiss and notify, webauthn:extension:credBlob: true, webauthn:extension:largeBlob: true, webauthn:extension:minPinLength: true, webauthn:extension:prf: true, webauthn:virtualAuthenticators: true}
Session ID: 2e46c7105b821ae3de08b32b30ae2300]]>
            </message>
            <full-stacktrace>
              <![CDATA[org.openqa.selenium.TimeoutException: Expected condition failed: waiting for visibility of element located by By.xpath: //span[@id='addCartProducts'] (tried for 30 second(s) with 500 milliseconds interval)
Build info: version: '4.24.0', revision: '748ffc9bc3'
System info: os.name: 'Windows 10', os.arch: 'amd64', os.version: '10.0', java.version: '17.0.10'
Driver info: org.openqa.selenium.remote.RemoteWebDriver
Capabilities {acceptInsecureCerts: false, browserName: chrome, browserVersion: 130.0.6699.3, chrome: {chromedriverVersion: 130.0.6710.0 (b42a8150c41c7..., userDataDir: /tmp/.org.chromium.Chromium...}, fedcm:accounts: true, goog:chromeOptions: {debuggerAddress: localhost:39841}, networkConnectionEnabled: false, pageLoadStrategy: normal, platformName: linux, proxy: Proxy(), se:bidiEnabled: false, se:cdp: ws://172.18.0.3:4444/sessio..., se:cdpVersion: 130.0.6699.3, se:containerName: , se:noVncPort: 7900, se:vnc: ws://172.18.0.3:4444/sessio..., se:vncEnabled: true, se:vncLocalAddress: ws://172.18.0.3:7900, setWindowRect: true, strictFileInteractability: false, timeouts: {implicit: 0, pageLoad: 300000, script: 30000}, unhandledPromptBehavior: dismiss and notify, webauthn:extension:credBlob: true, webauthn:extension:largeBlob: true, webauthn:extension:minPinLength: true, webauthn:extension:prf: true, webauthn:virtualAuthenticators: true}
Session ID: 2e46c7105b821ae3de08b32b30ae2300
at org.openqa.selenium.support.ui.WebDriverWait.timeoutException(WebDriverWait.java:84)
at org.openqa.selenium.support.ui.FluentWait.until(FluentWait.java:228)
at com.starquick.factories.ExplicitWaitFactory.performexplicitwait(ExplicitWaitFactory.java:45)
at com.starquick.pages.TATAOpenLandingPage1.Rusk(TATAOpenLandingPage1.java:80)
at com.starquick.test.starquickaddcartjourney.Rusksearchproduct(starquickaddcartjourney.java:68)
at java.base/jdk.internal.reflect.NativeMethodAccessorImpl.invoke0(Native Method)
at java.base/jdk.internal.reflect.NativeMethodAccessorImpl.invoke(NativeMethodAccessorImpl.java:77)
at java.base/jdk.internal.reflect.DelegatingMethodAccessorImpl.invoke(DelegatingMethodAccessorImpl.java:43)
at java.base/java.lang.reflect.Method.invoke(Method.java:568)
at org.testng.internal.invokers.MethodInvocationHelper.invokeMethod(MethodInvocationHelper.java:141)
at org.testng.internal.invokers.TestInvoker.invokeMethod(TestInvoker.java:686)
at org.testng.internal.invokers.TestInvoker.invokeTestMethod(TestInvoker.java:230)
at org.testng.internal.invokers.TestMethodWithDataProviderMethodWorker.call(TestMethodWithDataProviderMethodWorker.java:81)
at org.testng.internal.thread.Async$AsyncTask.run(Async.java:34)
at java.base/java.util.concurrent.ThreadPoolExecutor.runWorker(ThreadPoolExecutor.java:1136)
at java.base/java.util.concurrent.ThreadPoolExecutor$Worker.run(ThreadPoolExecutor.java:635)
at java.base/java.lang.Thread.run(Thread.java:840)
]]>
            </full-stacktrace>
          </exception> <!-- org.openqa.selenium.TimeoutException -->
          <reporter-output>
          </reporter-output>
        </test-method> <!-- Rusksearchproduct -->
        <test-method signature="Milksearchproduct(java.util.HashMap)[pri:0, instance:com.starquick.test.starquickaddcartjourney@5d0bf09b]" started-at="2024-09-12T13:40:48 IST" name="Milksearchproduct" data-provider="getData" finished-at="2024-09-12T13:43:52 IST" duration-ms="183452" status="PASS">
          <params>
            <param index="0">
              <value>
                <![CDATA[{product=Milk, testname=Milksearchproduct, SecondProduct=Amul Masti Dahi Pouch, execute=Yes, browser=Chrome}]]>
              </value>
            </param>
          </params>
          <reporter-output>
          </reporter-output>
        </test-method> <!-- Milksearchproduct -->
        <test-method retried="true" signature="Milksearchproduct(java.util.HashMap)[pri:0, instance:com.starquick.test.starquickaddcartjourney@5d0bf09b]" started-at="2024-09-12T13:40:49 IST" name="Milksearchproduct" data-provider="getData" finished-at="2024-09-12T13:44:18 IST" duration-ms="209352" status="SKIP">
          <params>
            <param index="0">
              <value>
                <![CDATA[{product=Milk, testname=Milksearchproduct, SecondProduct=Amul Masti Dahi Pouch, execute=Yes, browser=Edge}]]>
              </value>
            </param>
          </params>
          <exception class="org.openqa.selenium.TimeoutException">
            <message>
              <![CDATA[Expected condition failed: waiting for visibility of element located by By.xpath: //button[@aria-label="Continue Browsing"] (tried for 30 second(s) with 500 milliseconds interval)
Build info: version: '4.24.0', revision: '748ffc9bc3'
System info: os.name: 'Windows 10', os.arch: 'amd64', os.version: '10.0', java.version: '17.0.10'
Driver info: org.openqa.selenium.remote.RemoteWebDriver
Capabilities {acceptInsecureCerts: false, browserName: MicrosoftEdge, browserVersion: 130.0.2808.0, fedcm:accounts: true, ms:edgeOptions: {debuggerAddress: localhost:37197}, msedge: {msedgedriverVersion: 130.0.2808.1 (814e2e363311e..., userDataDir: /tmp/.com.microsoft.Edge.ez...}, networkConnectionEnabled: false, pageLoadStrategy: normal, platformName: linux, proxy: Proxy(), se:bidiEnabled: false, se:cdp: ws://172.18.0.2:4444/sessio..., se:cdpVersion: 130.0.2808.0, se:containerName: , se:noVncPort: 7900, se:vnc: ws://172.18.0.2:4444/sessio..., se:vncEnabled: true, se:vncLocalAddress: ws://172.18.0.2:7900, setWindowRect: true, strictFileInteractability: false, timeouts: {implicit: 0, pageLoad: 300000, script: 30000}, unhandledPromptBehavior: dismiss and notify, webauthn:extension:credBlob: true, webauthn:extension:largeBlob: true, webauthn:extension:minPinLength: true, webauthn:extension:prf: true, webauthn:virtualAuthenticators: true}
Session ID: a4cf8231a65e1ad399df1a384669ebaa]]>
            </message>
            <full-stacktrace>
              <![CDATA[org.openqa.selenium.TimeoutException: Expected condition failed: waiting for visibility of element located by By.xpath: //button[@aria-label="Continue Browsing"] (tried for 30 second(s) with 500 milliseconds interval)
Build info: version: '4.24.0', revision: '748ffc9bc3'
System info: os.name: 'Windows 10', os.arch: 'amd64', os.version: '10.0', java.version: '17.0.10'
Driver info: org.openqa.selenium.remote.RemoteWebDriver
Capabilities {acceptInsecureCerts: false, browserName: MicrosoftEdge, browserVersion: 130.0.2808.0, fedcm:accounts: true, ms:edgeOptions: {debuggerAddress: localhost:37197}, msedge: {msedgedriverVersion: 130.0.2808.1 (814e2e363311e..., userDataDir: /tmp/.com.microsoft.Edge.ez...}, networkConnectionEnabled: false, pageLoadStrategy: normal, platformName: linux, proxy: Proxy(), se:bidiEnabled: false, se:cdp: ws://172.18.0.2:4444/sessio..., se:cdpVersion: 130.0.2808.0, se:containerName: , se:noVncPort: 7900, se:vnc: ws://172.18.0.2:4444/sessio..., se:vncEnabled: true, se:vncLocalAddress: ws://172.18.0.2:7900, setWindowRect: true, strictFileInteractability: false, timeouts: {implicit: 0, pageLoad: 300000, script: 30000}, unhandledPromptBehavior: dismiss and notify, webauthn:extension:credBlob: true, webauthn:extension:largeBlob: true, webauthn:extension:minPinLength: true, webauthn:extension:prf: true, webauthn:virtualAuthenticators: true}
Session ID: a4cf8231a65e1ad399df1a384669ebaa
at org.openqa.selenium.support.ui.WebDriverWait.timeoutException(WebDriverWait.java:84)
at org.openqa.selenium.support.ui.FluentWait.until(FluentWait.java:228)
at com.starquick.factories.ExplicitWaitFactory.performexplicitwait(ExplicitWaitFactory.java:45)
at com.starquick.pages.BasePage.getText(BasePage.java:94)
at com.starquick.pages.TATAOpenLandingPage1.product_search_Amul_Masti_Dahi_Pouch(TATAOpenLandingPage1.java:63)
at com.starquick.test.starquickaddcartjourney.Milksearchproduct(starquickaddcartjourney.java:45)
at java.base/jdk.internal.reflect.NativeMethodAccessorImpl.invoke0(Native Method)
at java.base/jdk.internal.reflect.NativeMethodAccessorImpl.invoke(NativeMethodAccessorImpl.java:77)
at java.base/jdk.internal.reflect.DelegatingMethodAccessorImpl.invoke(DelegatingMethodAccessorImpl.java:43)
at java.base/java.lang.reflect.Method.invoke(Method.java:568)
at org.testng.internal.invokers.MethodInvocationHelper.invokeMethod(MethodInvocationHelper.java:141)
at org.testng.internal.invokers.TestInvoker.invokeMethod(TestInvoker.java:686)
at org.testng.internal.invokers.TestInvoker.invokeTestMethod(TestInvoker.java:230)
at org.testng.internal.invokers.TestMethodWithDataProviderMethodWorker.call(TestMethodWithDataProviderMethodWorker.java:81)
at org.testng.internal.thread.Async$AsyncTask.run(Async.java:34)
at java.base/java.util.concurrent.ThreadPoolExecutor.runWorker(ThreadPoolExecutor.java:1136)
at java.base/java.util.concurrent.ThreadPoolExecutor$Worker.run(ThreadPoolExecutor.java:635)
at java.base/java.lang.Thread.run(Thread.java:840)
]]>
            </full-stacktrace>
          </exception> <!-- org.openqa.selenium.TimeoutException -->
          <reporter-output>
          </reporter-output>
        </test-method> <!-- Milksearchproduct -->
        <test-method signature="Rusksearchproduct(java.util.HashMap)[pri:0, instance:com.starquick.test.starquickaddcartjourney@5d0bf09b]" started-at="2024-09-12T13:40:55 IST" name="Rusksearchproduct" data-provider="getData" finished-at="2024-09-12T13:44:29 IST" duration-ms="213987" status="PASS">
          <params>
            <param index="0">
              <value>
                <![CDATA[{product=Rusk, testname=Rusksearchproduct, SecondProduct=Britania Rusk, execute=Yes, browser=Edge}]]>
              </value>
            </param>
          </params>
          <reporter-output>
          </reporter-output>
        </test-method> <!-- Rusksearchproduct -->
        <test-method retried="true" signature="Rusksearchproduct(java.util.HashMap)[pri:0, instance:com.starquick.test.starquickaddcartjourney@5d0bf09b]" started-at="2024-09-12T13:40:58 IST" name="Rusksearchproduct" data-provider="getData" finished-at="2024-09-12T13:44:00 IST" duration-ms="181740" status="SKIP">
          <params>
            <param index="0">
              <value>
                <![CDATA[{product=Rusk, testname=Rusksearchproduct, SecondProduct=Britania Rusk, execute=Yes, browser=FireFox}]]>
              </value>
            </param>
          </params>
          <exception class="org.openqa.selenium.TimeoutException">
            <message>
              <![CDATA[Expected condition failed: waiting for element to be clickable: By.xpath: //img[@class='location-close-button'] (tried for 30 second(s) with 500 milliseconds interval)
Build info: version: '4.24.0', revision: '748ffc9bc3'
System info: os.name: 'Windows 10', os.arch: 'amd64', os.version: '10.0', java.version: '17.0.10'
Driver info: org.openqa.selenium.remote.RemoteWebDriver
Capabilities {acceptInsecureCerts: true, browserName: firefox, browserVersion: 132.0a1, moz:accessibilityChecks: false, moz:buildID: 20240910090327, moz:debuggerAddress: 127.0.0.1:3655, moz:firefoxOptions: {prefs: {remote.active-protocols: 3}}, moz:geckodriverVersion: 0.35.0, moz:headless: false, moz:platformVersion: 5.15.153.1-microsoft-standa..., moz:processID: 5828, moz:profile: /tmp/rust_mozprofileVNBF53, moz:shutdownTimeout: 60000, moz:webdriverClick: true, moz:windowless: false, pageLoadStrategy: normal, platformName: linux, proxy: Proxy(), se:bidiEnabled: false, se:cdp: ws://172.18.0.4:4444/sessio..., se:cdpVersion: 85.0, se:containerName: , se:noVncPort: 7900, se:vnc: ws://172.18.0.4:4444/sessio..., se:vncEnabled: true, se:vncLocalAddress: ws://172.18.0.4:7900, setWindowRect: true, strictFileInteractability: false, timeouts: {implicit: 0, pageLoad: 300000, script: 30000}, unhandledPromptBehavior: dismiss and notify, userAgent: Mozilla/5.0 (X11; Linux x86...}
Session ID: bee1f09b-e20a-469a-a6ee-cd4a4d32d87e]]>
            </message>
            <full-stacktrace>
              <![CDATA[org.openqa.selenium.TimeoutException: Expected condition failed: waiting for element to be clickable: By.xpath: //img[@class='location-close-button'] (tried for 30 second(s) with 500 milliseconds interval)
Build info: version: '4.24.0', revision: '748ffc9bc3'
System info: os.name: 'Windows 10', os.arch: 'amd64', os.version: '10.0', java.version: '17.0.10'
Driver info: org.openqa.selenium.remote.RemoteWebDriver
Capabilities {acceptInsecureCerts: true, browserName: firefox, browserVersion: 132.0a1, moz:accessibilityChecks: false, moz:buildID: 20240910090327, moz:debuggerAddress: 127.0.0.1:3655, moz:firefoxOptions: {prefs: {remote.active-protocols: 3}}, moz:geckodriverVersion: 0.35.0, moz:headless: false, moz:platformVersion: 5.15.153.1-microsoft-standa..., moz:processID: 5828, moz:profile: /tmp/rust_mozprofileVNBF53, moz:shutdownTimeout: 60000, moz:webdriverClick: true, moz:windowless: false, pageLoadStrategy: normal, platformName: linux, proxy: Proxy(), se:bidiEnabled: false, se:cdp: ws://172.18.0.4:4444/sessio..., se:cdpVersion: 85.0, se:containerName: , se:noVncPort: 7900, se:vnc: ws://172.18.0.4:4444/sessio..., se:vncEnabled: true, se:vncLocalAddress: ws://172.18.0.4:7900, setWindowRect: true, strictFileInteractability: false, timeouts: {implicit: 0, pageLoad: 300000, script: 30000}, unhandledPromptBehavior: dismiss and notify, userAgent: Mozilla/5.0 (X11; Linux x86...}
Session ID: bee1f09b-e20a-469a-a6ee-cd4a4d32d87e
at org.openqa.selenium.support.ui.WebDriverWait.timeoutException(WebDriverWait.java:84)
at org.openqa.selenium.support.ui.FluentWait.until(FluentWait.java:228)
at com.starquick.factories.ExplicitWaitFactory.performexplicitwait(ExplicitWaitFactory.java:35)
at com.starquick.pages.BasePage.click(BasePage.java:40)
at com.starquick.pages.TATAOpenLandingPage1.after_Add_to_Cart_closebutton(TATAOpenLandingPage1.java:73)
at com.starquick.test.starquickaddcartjourney.Rusksearchproduct(starquickaddcartjourney.java:68)
at java.base/jdk.internal.reflect.NativeMethodAccessorImpl.invoke0(Native Method)
at java.base/jdk.internal.reflect.NativeMethodAccessorImpl.invoke(NativeMethodAccessorImpl.java:77)
at java.base/jdk.internal.reflect.DelegatingMethodAccessorImpl.invoke(DelegatingMethodAccessorImpl.java:43)
at java.base/java.lang.reflect.Method.invoke(Method.java:568)
at org.testng.internal.invokers.MethodInvocationHelper.invokeMethod(MethodInvocationHelper.java:141)
at org.testng.internal.invokers.TestInvoker.invokeMethod(TestInvoker.java:686)
at org.testng.internal.invokers.TestInvoker.invokeTestMethod(TestInvoker.java:230)
at org.testng.internal.invokers.TestMethodWithDataProviderMethodWorker.call(TestMethodWithDataProviderMethodWorker.java:81)
at org.testng.internal.thread.Async$AsyncTask.run(Async.java:34)
at java.base/java.util.concurrent.ThreadPoolExecutor.runWorker(ThreadPoolExecutor.java:1136)
at java.base/java.util.concurrent.ThreadPoolExecutor$Worker.run(ThreadPoolExecutor.java:635)
at java.base/java.lang.Thread.run(Thread.java:840)
]]>
            </full-stacktrace>
          </exception> <!-- org.openqa.selenium.TimeoutException -->
          <reporter-output>
          </reporter-output>
        </test-method> <!-- Rusksearchproduct -->
        <test-method signature="Milksearchproduct(java.util.HashMap)[pri:0, instance:com.starquick.test.starquickaddcartjourney@5d0bf09b]" started-at="2024-09-12T13:41:43 IST" name="Milksearchproduct" data-provider="getData" finished-at="2024-09-12T13:45:09 IST" duration-ms="205896" status="PASS">
          <params>
            <param index="0">
              <value>
                <![CDATA[{product=Milk, testname=Milksearchproduct, SecondProduct=Amul Masti Dahi Pouch, execute=Yes, browser=FireFox}]]>
              </value>
            </param>
          </params>
          <reporter-output>
          </reporter-output>
        </test-method> <!-- Milksearchproduct -->
        <test-method is-config="true" signature="tearDown()[pri:0, instance:com.starquick.test.starquickaddcartjourney@5d0bf09b]" started-at="2024-09-12T13:43:04 IST" name="tearDown" finished-at="2024-09-12T13:43:06 IST" duration-ms="1453" status="PASS">
          <reporter-output>
          </reporter-output>
        </test-method> <!-- tearDown -->
        <test-method is-config="true" signature="setUp([Ljava.lang.Object;)[pri:0, instance:com.starquick.test.starquickaddcartjourney@5d0bf09b]" started-at="2024-09-12T13:43:06 IST" name="setUp" finished-at="2024-09-12T13:44:26 IST" duration-ms="80539" status="PASS">
          <params>
            <param index="0">
              <value>
                <![CDATA[[Ljava.lang.Object;@5707c1cb]]>
              </value>
            </param>
          </params>
          <reporter-output>
          </reporter-output>
        </test-method> <!-- setUp -->
        <test-method is-config="true" signature="tearDown()[pri:0, instance:com.starquick.test.starquickaddcartjourney@5d0bf09b]" started-at="2024-09-12T13:43:55 IST" name="tearDown" finished-at="2024-09-12T13:43:57 IST" duration-ms="1906" status="PASS">
          <reporter-output>
          </reporter-output>
        </test-method> <!-- tearDown -->
        <test-method is-config="true" signature="tearDown()[pri:0, instance:com.starquick.test.starquickaddcartjourney@5d0bf09b]" started-at="2024-09-12T13:44:00 IST" name="tearDown" finished-at="2024-09-12T13:44:05 IST" duration-ms="4888" status="PASS">
          <reporter-output>
          </reporter-output>
        </test-method> <!-- tearDown -->
        <test-method is-config="true" signature="setUp([Ljava.lang.Object;)[pri:0, instance:com.starquick.test.starquickaddcartjourney@5d0bf09b]" started-at="2024-09-12T13:44:05 IST" name="setUp" finished-at="2024-09-12T13:45:04 IST" duration-ms="59036" status="PASS">
          <params>
            <param index="0">
              <value>
                <![CDATA[[Ljava.lang.Object;@35038141]]>
              </value>
            </param>
          </params>
          <reporter-output>
          </reporter-output>
        </test-method> <!-- setUp -->
        <test-method is-config="true" signature="tearDown()[pri:0, instance:com.starquick.test.starquickaddcartjourney@5d0bf09b]" started-at="2024-09-12T13:44:18 IST" name="tearDown" finished-at="2024-09-12T13:44:45 IST" duration-ms="26758" status="PASS">
          <reporter-output>
          </reporter-output>
        </test-method> <!-- tearDown -->
        <test-method signature="Rusksearchproduct(java.util.HashMap)[pri:0, instance:com.starquick.test.starquickaddcartjourney@5d0bf09b]" started-at="2024-09-12T13:44:26 IST" name="Rusksearchproduct" data-provider="getData" finished-at="2024-09-12T13:46:05 IST" duration-ms="98641" status="PASS">
          <params>
            <param index="0">
              <value>
                <![CDATA[{product=Rusk, testname=Rusksearchproduct, SecondProduct=Britania Rusk, execute=Yes, browser=Chrome}]]>
              </value>
            </param>
          </params>
          <reporter-output>
          </reporter-output>
        </test-method> <!-- Rusksearchproduct -->
        <test-method is-config="true" signature="tearDown()[pri:0, instance:com.starquick.test.starquickaddcartjourney@5d0bf09b]" started-at="2024-09-12T13:44:38 IST" name="tearDown" finished-at="2024-09-12T13:44:47 IST" duration-ms="9067" status="PASS">
          <reporter-output>
          </reporter-output>
        </test-method> <!-- tearDown -->
        <test-method is-config="true" signature="setUp([Ljava.lang.Object;)[pri:0, instance:com.starquick.test.starquickaddcartjourney@5d0bf09b]" started-at="2024-09-12T13:44:45 IST" name="setUp" finished-at="2024-09-12T13:44:59 IST" duration-ms="14424" status="PASS">
          <params>
            <param index="0">
              <value>
                <![CDATA[[Ljava.lang.Object;@2970a5bc]]>
              </value>
            </param>
          </params>
          <reporter-output>
          </reporter-output>
        </test-method> <!-- setUp -->
        <test-method signature="Milksearchproduct(java.util.HashMap)[pri:0, instance:com.starquick.test.starquickaddcartjourney@5d0bf09b]" started-at="2024-09-12T13:44:59 IST" name="Milksearchproduct" data-provider="getData" finished-at="2024-09-12T13:46:16 IST" duration-ms="76657" status="PASS">
          <params>
            <param index="0">
              <value>
                <![CDATA[{product=Milk, testname=Milksearchproduct, SecondProduct=Amul Masti Dahi Pouch, execute=Yes, browser=Edge}]]>
              </value>
            </param>
          </params>
          <reporter-output>
          </reporter-output>
        </test-method> <!-- Milksearchproduct -->
        <test-method signature="Rusksearchproduct(java.util.HashMap)[pri:0, instance:com.starquick.test.starquickaddcartjourney@5d0bf09b]" started-at="2024-09-12T13:45:04 IST" name="Rusksearchproduct" data-provider="getData" finished-at="2024-09-12T13:46:18 IST" duration-ms="74258" status="PASS">
          <params>
            <param index="0">
              <value>
                <![CDATA[{product=Rusk, testname=Rusksearchproduct, SecondProduct=Britania Rusk, execute=Yes, browser=FireFox}]]>
              </value>
            </param>
          </params>
          <reporter-output>
          </reporter-output>
        </test-method> <!-- Rusksearchproduct -->
        <test-method is-config="true" signature="tearDown()[pri:0, instance:com.starquick.test.starquickaddcartjourney@5d0bf09b]" started-at="2024-09-12T13:45:10 IST" name="tearDown" finished-at="2024-09-12T13:45:13 IST" duration-ms="2444" status="PASS">
          <reporter-output>
          </reporter-output>
        </test-method> <!-- tearDown -->
        <test-method is-config="true" signature="tearDown()[pri:0, instance:com.starquick.test.starquickaddcartjourney@5d0bf09b]" started-at="2024-09-12T13:46:05 IST" name="tearDown" finished-at="2024-09-12T13:46:06 IST" duration-ms="402" status="PASS">
          <reporter-output>
          </reporter-output>
        </test-method> <!-- tearDown -->
        <test-method is-config="true" signature="tearDown()[pri:0, instance:com.starquick.test.starquickaddcartjourney@5d0bf09b]" started-at="2024-09-12T13:46:16 IST" name="tearDown" finished-at="2024-09-12T13:46:18 IST" duration-ms="1767" status="PASS">
          <reporter-output>
          </reporter-output>
        </test-method> <!-- tearDown -->
        <test-method is-config="true" signature="tearDown()[pri:0, instance:com.starquick.test.starquickaddcartjourney@5d0bf09b]" started-at="2024-09-12T13:46:18 IST" name="tearDown" finished-at="2024-09-12T13:46:19 IST" duration-ms="1033" status="PASS">
          <reporter-output>
          </reporter-output>
        </test-method> <!-- tearDown -->
      </class> <!-- com.starquick.test.starquickaddcartjourney -->
    </test> <!-- Product Search Tests -->
  </suite> <!-- Suite -->
</testng-results>
